<?xml version="1.0" encoding="UTF-8"?>
<testsuite name="OpenSite.OpenSiteNewTest" time="50.212" tests="1" errors="1" skipped="0" failures="0">
  <properties>
[...]
</properties>
  <testcase name="testCTCO" classname="OpenSite.OpenSiteNewTest" time="50.212">
    <error message="Failed to connect to binary FirefoxBinary(C:\Program Files\Mozilla Firefox\firefox.exe) on port 7055; process output follows: &#10;JavaScript error: resource://gre/modules/XULStore.jsm, line 66: Error: Can&apos;t find profile directory.&#10;Extension error: TypeError: globalChrome_1.chrome.runtime.lastError is null moz-extension://e6473454-f73f-45cc-b1a0-38359d3e71ff/background.js 11593&#10;[[Exception stack&#10;this.AternityExtension.background&lt;/TabsStates.prototype.getFrame/&lt;@moz-extension://e6473454-f73f-45cc-b1a0-38359d3e71ff/background.js:11593:29&#10;Current stack&#10;applySafeWithoutClone@resource://gre/modules/ExtensionCommon.jsm:623:13&#10;wrapPromise/&lt;@resource://gre/modules/ExtensionCommon.jsm:826:18&#10;]]&#10;Extension error: TypeError: globalChrome_1.chrome.runtime.lastError is null moz-extension://e6473454-f73f-45cc-b1a0-38359d3e71ff/background.js 11593&#10;[[Exception stack&#10;this.AternityExtension.background&lt;/TabsStates.prototype.getFrame/&lt;@moz-extension://e6473454-f73f-45cc-b1a0-38359d3e71ff/background.js:11593:29&#10;Current stack&#10;applySafeWithoutClone@resource://gre/modules/ExtensionCommon.jsm:623:13&#10;wrapPromise/&lt;@resource://gre/modules/ExtensionCommon.jsm:826:18&#10;]]&#10;&#10;Build info: version: &apos;2.53.0&apos;, revision: &apos;35ae25b1534ae328c771e0856c93e187490ca824&apos;, time: &apos;2016-03-15 10:43:46&apos;&#10;System info: host: &apos;LVR51825&apos;, ip: &apos;172.22.35.73&apos;, os.name: &apos;Windows 10&apos;, os.arch: &apos;amd64&apos;, os.version: &apos;10.0&apos;, java.version: &apos;1.8.0_221&apos;&#10;Driver info: driver.version: FirefoxDriver" type="org.openqa.selenium.WebDriverException"><![CDATA[org.openqa.selenium.WebDriverException: Failed to connect to binary FirefoxBinary(C:\Program Files\Mozilla Firefox\firefox.exe) on port 7055; process output follows: 
JavaScript error: resource://gre/modules/XULStore.jsm, line 66: Error: Can't find profile directory.
Extension error: TypeError: globalChrome_1.chrome.runtime.lastError is null moz-extension://e6473454-f73f-45cc-b1a0-38359d3e71ff/background.js 11593
[[Exception stack
this.AternityExtension.background</TabsStates.prototype.getFrame/<@moz-extension://e6473454-f73f-45cc-b1a0-38359d3e71ff/background.js:11593:29
Current stack
applySafeWithoutClone@resource://gre/modules/ExtensionCommon.jsm:623:13
wrapPromise/<@resource://gre/modules/ExtensionCommon.jsm:826:18
]]
Extension error: TypeError: globalChrome_1.chrome.runtime.lastError is null moz-extension://e6473454-f73f-45cc-b1a0-38359d3e71ff/background.js 11593
[[Exception stack
this.AternityExtension.background</TabsStates.prototype.getFrame/<@moz-extension://e6473454-f73f-45cc-b1a0-38359d3e71ff/background.js:11593:29
Current stack
applySafeWithoutClone@resource://gre/modules/ExtensionCommon.jsm:623:13
wrapPromise/<@resource://gre/modules/ExtensionCommon.jsm:826:18
]]

Build info: version: '2.53.0', revision: '35ae25b1534ae328c771e0856c93e187490ca824', time: '2016-03-15 10:43:46'
System info: host: 'LVR51825', ip: '172.22.35.73', os.name: 'Windows 10', os.arch: 'amd64', os.version: '10.0', java.version: '1.8.0_221'
Driver info: driver.version: FirefoxDriver
	at org.openqa.selenium.firefox.internal.NewProfileExtensionConnection.start(NewProfileExtensionConnection.java:113)
	at org.openqa.selenium.firefox.FirefoxDriver.startClient(FirefoxDriver.java:271)
	at org.openqa.selenium.remote.RemoteWebDriver.<init>(RemoteWebDriver.java:119)
	at org.openqa.selenium.firefox.FirefoxDriver.<init>(FirefoxDriver.java:216)
	at org.openqa.selenium.firefox.FirefoxDriver.<init>(FirefoxDriver.java:211)
	at org.openqa.selenium.firefox.FirefoxDriver.<init>(FirefoxDriver.java:128)
	at OpenSite.OpenSiteNewTest.testCTCO(OpenSiteNewTest.java:19)
]]></error>
    <system-err><![CDATA[org.openqa.selenium.firefox.NotConnectedException: Unable to connect to host 127.0.0.1 on port 7055 after 45000 ms. Firefox console output:
JavaScript error: resource://gre/modules/XULStore.jsm, line 66: Error: Can't find profile directory.
Extension error: TypeError: globalChrome_1.chrome.runtime.lastError is null moz-extension://e6473454-f73f-45cc-b1a0-38359d3e71ff/background.js 11593
[[Exception stack
this.AternityExtension.background</TabsStates.prototype.getFrame/<@moz-extension://e6473454-f73f-45cc-b1a0-38359d3e71ff/background.js:11593:29
Current stack
applySafeWithoutClone@resource://gre/modules/ExtensionCommon.jsm:623:13
wrapPromise/<@resource://gre/modules/ExtensionCommon.jsm:826:18
]]
Extension error: TypeError: globalChrome_1.chrome.runtime.lastError is null moz-extension://e6473454-f73f-45cc-b1a0-38359d3e71ff/background.js 11593
[[Exception stack
this.AternityExtension.background</TabsStates.prototype.getFrame/<@moz-extension://e6473454-f73f-45cc-b1a0-38359d3e71ff/background.js:11593:29
Current stack
applySafeWithoutClone@resource://gre/modules/ExtensionCommon.jsm:623:13
wrapPromise/<@resource://gre/modules/ExtensionCommon.jsm:826:18
]]

	at org.openqa.selenium.firefox.internal.NewProfileExtensionConnection.start(NewProfileExtensionConnection.java:113)
	at org.openqa.selenium.firefox.FirefoxDriver.startClient(FirefoxDriver.java:271)
	at org.openqa.selenium.remote.RemoteWebDriver.<init>(RemoteWebDriver.java:119)
	at org.openqa.selenium.firefox.FirefoxDriver.<init>(FirefoxDriver.java:216)
	at org.openqa.selenium.firefox.FirefoxDriver.<init>(FirefoxDriver.java:211)
	at org.openqa.selenium.firefox.FirefoxDriver.<init>(FirefoxDriver.java:128)
	at OpenSite.OpenSiteNewTest.testCTCO(OpenSiteNewTest.java:19)
	at sun.reflect.NativeMethodAccessorImpl.invoke0(Native Method)
	at sun.reflect.NativeMethodAccessorImpl.invoke(NativeMethodAccessorImpl.java:62)
	at sun.reflect.DelegatingMethodAccessorImpl.invoke(DelegatingMethodAccessorImpl.java:43)
	at java.lang.reflect.Method.invoke(Method.java:498)
	at org.junit.runners.model.FrameworkMethod$1.runReflectiveCall(FrameworkMethod.java:50)
	at org.junit.internal.runners.model.ReflectiveCallable.run(ReflectiveCallable.java:12)
	at org.junit.runners.model.FrameworkMethod.invokeExplosively(FrameworkMethod.java:47)
	at org.junit.internal.runners.statements.InvokeMethod.evaluate(InvokeMethod.java:17)
	at org.junit.runners.ParentRunner.runLeaf(ParentRunner.java:325)
	at org.junit.runners.BlockJUnit4ClassRunner.runChild(BlockJUnit4ClassRunner.java:78)
	at org.junit.runners.BlockJUnit4ClassRunner.runChild(BlockJUnit4ClassRunner.java:57)
	at org.junit.runners.ParentRunner$3.run(ParentRunner.java:290)
	at org.junit.runners.ParentRunner$1.schedule(ParentRunner.java:71)
	at org.junit.runners.ParentRunner.runChildren(ParentRunner.java:288)
	at org.junit.runners.ParentRunner.access$000(ParentRunner.java:58)
	at org.junit.runners.ParentRunner$2.evaluate(ParentRunner.java:268)
	at org.junit.runners.ParentRunner.run(ParentRunner.java:363)
	at org.apache.maven.surefire.junit4.JUnit4Provider.execute(JUnit4Provider.java:264)
	at org.apache.maven.surefire.junit4.JUnit4Provider.executeTestSet(JUnit4Provider.java:153)
	at org.apache.maven.surefire.junit4.JUnit4Provider.invoke(JUnit4Provider.java:124)
	at sun.reflect.NativeMethodAccessorImpl.invoke0(Native Method)
	at sun.reflect.NativeMethodAccessorImpl.invoke(NativeMethodAccessorImpl.java:62)
	at sun.reflect.DelegatingMethodAccessorImpl.invoke(DelegatingMethodAccessorImpl.java:43)
	at java.lang.reflect.Method.invoke(Method.java:498)
	at org.apache.maven.surefire.util.ReflectionUtils.invokeMethodWithArray2(ReflectionUtils.java:208)
	at org.apache.maven.surefire.booter.ProviderFactory$ProviderProxy.invoke(ProviderFactory.java:158)
	at org.apache.maven.surefire.booter.ProviderFactory.invokeProvider(ProviderFactory.java:86)
	at org.apache.maven.surefire.booter.ForkedBooter.runSuitesInProcess(ForkedBooter.java:153)
	at org.apache.maven.surefire.booter.ForkedBooter.main(ForkedBooter.java:95)
]]></system-err>
  </testcase>
</testsuite>